Arguments: 
  C:\Program Files\nodejs\node.exe C:\Program Files\nodejs\node_modules\yarn\bin\yarn.js

PATH: 
  c:\program files\graphicsmagick-1.3.36-q16;C:\Python310\Scripts\;C:\Python310\;C:\Python38\Scripts\;C:\Python38\;C:\WINDOWS\system32;C:\WINDOWS;C:\WINDOWS\System32\Wbem;C:\WINDOWS\System32\WindowsPowerShell\v1.0\;C:\WINDOWS\System32\OpenSSH\;C:\ProgramData\chocolatey\bin;C:\Program Files\Git\cmd;C:\Android;C:\Windows\System32;C:\Program Files\PuTTY\;C:\Program Files\OpenJDK\openjdk-8u302-b08\bin;C:\Users\amit_\AppData\Roaming\nvm;C:\Program Files\nodejs;C:\WINDOWS\system32;C:\WINDOWS;C:\WINDOWS\System32\Wbem;C:\WINDOWS\System32\WindowsPowerShell\v1.0\;C:\WINDOWS\System32\OpenSSH\;C:\Program Files\Docker\Docker\resources\bin;C:\ProgramData\DockerDesktop\version-bin;C:\Program Files (x86)\Yarn\bin\;C:\Ruby27-x64\bin;C:\Program Files\MySQL\MySQL Shell 8.0\bin\;C:\Users\amit_\AppData\Local\Microsoft\WindowsApps;C:\Users\amit_\AppData\Local\Programs\Microsoft VS Code\bin;C:\Program Files\MongoDB\Server\4.4\bin;C:\Users\amit_\AppData\Local\Android\Sdk\platform-tools;C:\Program Files\Git\bin\git.exe;C:\Program Files\JetBrains\PyCharm Community Edition 2021.3.1\bin;C:\Users\amit_\.fly\bin;C:\Users\amit_\AppData\Local\Yarn\bin

Yarn version: 
  1.22.17

Node version: 
  16.14.0

Platform: 
  win32 x64

Trace: 
  Error: https://registry.yarnpkg.com/date-fns/-/date-fns-2.28.0.tgz: ESOCKETTIMEDOUT
      at ClientRequest.<anonymous> (C:\Users\amit_\AppData\Roaming\nvm\v16.14.0\node_modules\yarn\lib\cli.js:141510:19)
      at Object.onceWrapper (node:events:639:28)
      at ClientRequest.emit (node:events:520:28)
      at TLSSocket.emitRequestTimeout (node:_http_client:758:9)
      at Object.onceWrapper (node:events:639:28)
      at TLSSocket.emit (node:events:532:35)
      at TLSSocket.Socket._onTimeout (node:net:501:8)
      at listOnTimeout (node:internal/timers:559:17)
      at processTimers (node:internal/timers:502:7)

npm manifest: 
  {
    "private": true,
    "name": "stripe-integration",
    "homepage": "https://stripe-integration.draftbit.app",
    "description": "Stripe Integration, powered by Draftbit",
    "version": "1.0.0",
    "main": "node_modules/expo/AppEntry.js",
    "scripts": {
      "start": "expo start",
      "android": "expo start --android",
      "ios": "expo start --ios",
      "web": "expo start --web",
      "eject": "expo eject",
      "test": "jest --watchAll"
    },
    "jest": {
      "preset": "jest-expo"
    },
    "dependencies": {
      "@draftbit/ui": "43.4.17",
      "@expo/vector-icons": "^12.0.0",
      "@react-native-async-storage/async-storage": "~1.15.0",
      "@react-native-community/datetimepicker": "3.5.2",
      "@react-native-community/slider": "4.1.7",
      "@react-native-picker/picker": "2.1.0",
      "@react-navigation/bottom-tabs": "^5.11.2",
      "@react-navigation/drawer": "^5.7.4",
      "@react-navigation/native": "^5.8.10",
      "@react-navigation/stack": "^5.12.8",
      "@stripe/stripe-react-native": "0.2.2",
      "expo": "~43.0.2",
      "expo-app-loading": "~1.2.1",
      "expo-asset": "~8.4.3",
      "expo-av": "~10.1.3",
      "expo-blur": "~10.0.3",
      "expo-constants": "~12.1.3",
      "expo-device": "~4.0.3",
      "expo-font": "~10.0.3",
      "expo-image-picker": "~11.0.3",
      "expo-linear-gradient": "~10.0.3",
      "expo-linking": "~2.4.2",
      "expo-location": "~13.0.4",
      "expo-notifications": "~0.13.3",
      "expo-permissions": "~13.0.3",
      "expo-screen-orientation": "~4.0.3",
      "expo-web-browser": "~10.0.3",
      "react": "17.0.1",
      "react-dom": "17.0.1",
      "react-fetch-hook": "1.8.5",
      "react-native": "0.64.3",
      "react-native-gesture-handler": "~1.10.2",
      "react-native-keyboard-aware-scroll-view": "~0.9.5",
      "react-native-modal-datetime-picker": "^13.0.0",
      "react-native-safe-area-context": "3.3.2",
      "react-native-screens": "~3.8.0",
      "react-native-svg": "12.1.1",
      "react-native-typography": "1.4.1",
      "react-native-web": "0.17.1",
      "react-native-webview": "11.13.0",
      "react-query": "^3.27.0",
      "react-request": "^3.1.0"
    },
    "resolutions": {
      "react-native-web": "0.17.1",
      "@react-native-picker/picker": "2.1.0"
    },
    "devDependencies": {
      "@expo/webpack-config": "^0.16.7",
      "@babel/core": "^7.12.9"
    }
  }

yarn manifest: 
  No manifest

Lockfile: 
  No lockfile
